<?xml version="1.0" encoding="UTF-8"?>
<!-- Generated by org.testng.reporters.JUnitReportReporter -->
<testsuite skipped="0" hostname="DESKTOP-14CGQSC" name="com.test.Registration" tests="1" failures="0" timestamp="19 Jul 2020 11:39:06 GMT" time="49.792" errors="0">
  <testcase name="register" time="49.792" classname="com.test.Registration"/>
</testsuite> <!-- com.test.Registration -->
