<?xml version="1.0" encoding="UTF-8"?>
<!-- Generated by org.testng.reporters.JUnitReportReporter -->
<testsuite skipped="0" hostname="DESKTOP-14CGQSC" name="com.test.Login" tests="6" failures="0" timestamp="19 Jul 2020 12:07:24 GMT" time="55.948" errors="0">
  <testcase name="invalidLogin" time="8.844" classname="com.test.Login"/>
  <testcase name="invalidLogin" time="8.946" classname="com.test.Login"/>
  <testcase name="invalidLogin" time="8.710" classname="com.test.Login"/>
  <testcase name="invalidLogin" time="8.272" classname="com.test.Login"/>
  <testcase name="invalidLogin" time="8.074" classname="com.test.Login"/>
  <testcase name="validLogin" time="13.102" classname="com.test.Login"/>
</testsuite> <!-- com.test.Login -->
