<?xml version="1.0" encoding="UTF-8"?>
<!-- Generated by org.testng.reporters.JUnitReportReporter -->
<testsuite skipped="0" hostname="DESKTOP-14CGQSC" name="com.test.AddToCart" tests="2" failures="0" timestamp="19 Jul 2020 11:39:06 GMT" time="29.767" errors="0">
  <testcase name="searchProduct" time="7.591" classname="com.test.AddToCart"/>
  <testcase name="AddProductToCart" time="22.176" classname="com.test.AddToCart"/>
</testsuite> <!-- com.test.AddToCart -->
