<?xml version="1.0" encoding="UTF-8"?>
<!-- Generated by org.testng.reporters.JUnitReportReporter -->
<testsuite skipped="0" hostname="DESKTOP-14CGQSC" name="com.test.SearchProduct" tests="1" failures="0" timestamp="19 Jul 2020 11:39:06 GMT" time="8.563" errors="0">
  <testcase name="searchProduct" time="8.563" classname="com.test.SearchProduct"/>
</testsuite> <!-- com.test.SearchProduct -->
